
 --  -- Juego25-Nov-2019 (12:32:30)
 -- Antonio -- Juego25-Nov-2019 (12:32:57)
 -- Antonio -- Juego25-Nov-2019 (12:32:59)
 -- Antonio -- Chat25-Nov-2019 (12:32:59)
 -- Antonio -- Salir25-Nov-2019 (12:33:00)
 -- Antonio -- Juego25-Nov-2019 (12:33:02)
 -- Antonio -- Chat25-Nov-2019 (12:33:03)
 -- Antonio -- Salir25-Nov-2019 (12:33:03)
 -- Antonio -- Salir25-Nov-2019 (12:33:04)
 -- Antonio -- Chat25-Nov-2019 (12:33:05)
 -- Antonio -- Juego -- 25-Nov-2019 (12:33:55)
25-Nov-2019 (12:34:29)
Antonio -- Juego -- 25-Nov-2019 (12:35:06)
Antonio -- Chat -- 25-Nov-2019 (12:35:16)
Antonio -- Juego -- 25-Nov-2019 (12:35:17)
Antonio -- Juego -- 25-Nov-2019 (12:45:37)
Antonio -- Juego -- 25-Nov-2019 (12:45:43)
Antonio -- Chat -- 25-Nov-2019 (12:46:02)
Antonio -- Salir -- 25-Nov-2019 (12:46:06)
Antonio -- Salir -- 25-Nov-2019 (12:47:09)
Sandra -- Juego -- 25-Nov-2019 (12:51:23)
Sandra -- Salir -- 25-Nov-2019 (12:51:26)
Sandra -- Salir -- 25-Nov-2019 (12:51:38)